# JRE version: OpenJDK Runtime Environment (8.0_212-b04) (build 1.8.0_212-release-1586-b04)
# Java VM: OpenJDK 64-Bit Server VM (25.212-b04 mixed mode windows-amd64 compressed oops)
Heap:
 PSYoungGen      total 444928K, used 220409K [0x00000000e0000000, 0x00000000ffb80000, 0x0000000100000000)
  eden space 367616K, 52% used [0x00000000e0000000,0x00000000ebc9e1e8,0x00000000f6700000)
  from space 77312K, 35% used [0x00000000faf00000,0x00000000fc9a0420,0x00000000ffa80000)
  to   space 73728K, 0% used [0x00000000f6700000,0x00000000f6700000,0x00000000faf00000)
 ParOldGen       total 458752K, used 56456K [0x00000000a0000000, 0x00000000bc000000, 0x00000000e0000000)
  object space 458752K, 12% used [0x00000000a0000000,0x00000000a37220b0,0x00000000bc000000)
 Metaspace       used 151194K, capacity 159050K, committed 159360K, reserved 1187840K
  class space    used 19248K, capacity 20712K, committed 20864K, reserved 1048576K
GC Heap History (10 events):
Event: 6278.245 GC heap before
{Heap before GC invocations=54 (full 6):
 PSYoungGen      total 407040K, used 65945K [0x00000000e0000000, 0x00000000ffc80000, 0x0000000100000000)
  eden space 363520K, 6% used [0x00000000e0000000,0x00000000e15e6b60,0x00000000f6300000)
  from space 43520K, 99% used [0x00000000f6300000,0x00000000f8d7fc98,0x00000000f8d80000)
  to   space 78336K, 0% used [0x00000000fb000000,0x00000000fb000000,0x00000000ffc80000)
 ParOldGen       total 458752K, used 163498K [0x00000000a0000000, 0x00000000bc000000, 0x00000000e0000000)
  object space 458752K, 35% used [0x00000000a0000000,0x00000000a9faaa90,0x00000000bc000000)
 Metaspace       used 150815K, capacity 158034K, committed 158080K, reserved 1187840K
  class space    used 19205K, capacity 20571K, committed 20608K, reserved 1048576K
Event: 6278.263 GC heap after
Heap after GC invocations=54 (full 6):
 PSYoungGen      total 435200K, used 31642K [0x00000000e0000000, 0x00000000ff580000, 0x0000000100000000)
  eden space 364032K, 0% used [0x00000000e0000000,0x00000000e0000000,0x00000000f6380000)
  from space 71168K, 44% used [0x00000000fb000000,0x00000000fcee6ad8,0x00000000ff580000)
  to   space 74752K, 0% used [0x00000000f6380000,0x00000000f6380000,0x00000000fac80000)
 ParOldGen       total 458752K, used 163498K [0x00000000a0000000, 0x00000000bc000000, 0x00000000e0000000)
  object space 458752K, 35% used [0x00000000a0000000,0x00000000a9faaa90,0x00000000bc000000)
 Metaspace       used 150815K, capacity 158034K, committed 158080K, reserved 1187840K
  class space    used 19205K, capacity 20571K, committed 20608K, reserved 1048576K
}
Event: 6278.263 GC heap before
{Heap before GC invocations=55 (full 7):
 PSYoungGen      total 435200K, used 31642K [0x00000000e0000000, 0x00000000ff580000, 0x0000000100000000)
  eden space 364032K, 0% used [0x00000000e0000000,0x00000000e0000000,0x00000000f6380000)
  from space 71168K, 44% used [0x00000000fb000000,0x00000000fcee6ad8,0x00000000ff580000)
  to   space 74752K, 0% used [0x00000000f6380000,0x00000000f6380000,0x00000000fac80000)
 ParOldGen       total 458752K, used 163498K [0x00000000a0000000, 0x00000000bc000000, 0x00000000e0000000)
  object space 458752K, 35% used [0x00000000a0000000,0x00000000a9faaa90,0x00000000bc000000)
 Metaspace       used 150815K, capacity 158034K, committed 158080K, reserved 1187840K
  class space    used 19205K, capacity 20571K, committed 20608K, reserved 1048576K
Event: 6278.464 GC heap after
Heap after GC invocations=55 (full 7):
 PSYoungGen      total 435200K, used 0K [0x00000000e0000000, 0x00000000ff580000, 0x0000000100000000)
  eden space 364032K, 0% used [0x00000000e0000000,0x00000000e0000000,0x00000000f6380000)
  from space 71168K, 0% used [0x00000000fb000000,0x00000000fb000000,0x00000000ff580000)
  to   space 74752K, 0% used [0x00000000f6380000,0x00000000f6380000,0x00000000fac80000)
 ParOldGen       total 458752K, used 56481K [0x00000000a0000000, 0x00000000bc000000, 0x00000000e0000000)
  object space 458752K, 12% used [0x00000000a0000000,0x00000000a3728750,0x00000000bc000000)
 Metaspace       used 137508K, capacity 143536K, committed 158080K, reserved 1187840K
  class space    used 17568K, capacity 18667K, committed 20608K, reserved 1048576K
}
Event: 9878.468 GC heap before
{Heap before GC invocations=56 (full 7):
 PSYoungGen      total 435200K, used 29884K [0x00000000e0000000, 0x00000000ff580000, 0x0000000100000000)
  eden space 364032K, 8% used [0x00000000e0000000,0x00000000e1d2f240,0x00000000f6380000)
  from space 71168K, 0% used [0x00000000fb000000,0x00000000fb000000,0x00000000ff580000)
  to   space 74752K, 0% used [0x00000000f6380000,0x00000000f6380000,0x00000000fac80000)
 ParOldGen       total 458752K, used 56481K [0x00000000a0000000, 0x00000000bc000000, 0x00000000e0000000)
  object space 458752K, 12% used [0x00000000a0000000,0x00000000a3728750,0x00000000bc000000)
 Metaspace       used 137526K, capacity 143560K, committed 158080K, reserved 1187840K
  class space    used 17571K, capacity 18671K, committed 20608K, reserved 1048576K
Event: 9878.475 GC heap after
Heap after GC invocations=56 (full 7):
 PSYoungGen      total 438784K, used 288K [0x00000000e0000000, 0x00000000ffa80000, 0x0000000100000000)
  eden space 364032K, 0% used [0x00000000e0000000,0x00000000e0000000,0x00000000f6380000)
  from space 74752K, 0% used [0x00000000f6380000,0x00000000f63c8000,0x00000000fac80000)
  to   space 77312K, 0% used [0x00000000faf00000,0x00000000faf00000,0x00000000ffa80000)
 ParOldGen       total 458752K, used 56481K [0x00000000a0000000, 0x00000000bc000000, 0x00000000e0000000)
  object space 458752K, 12% used [0x00000000a0000000,0x00000000a3728750,0x00000000bc000000)
 Metaspace       used 137526K, capacity 143560K, committed 158080K, reserved 1187840K
  class space    used 17571K, capacity 18671K, committed 20608K, reserved 1048576K
}
Event: 9878.475 GC heap before
{Heap before GC invocations=57 (full 8):
 PSYoungGen      total 438784K, used 288K [0x00000000e0000000, 0x00000000ffa80000, 0x0000000100000000)
  eden space 364032K, 0% used [0x00000000e0000000,0x00000000e0000000,0x00000000f6380000)
  from space 74752K, 0% used [0x00000000f6380000,0x00000000f63c8000,0x00000000fac80000)
  to   space 77312K, 0% used [0x00000000faf00000,0x00000000faf00000,0x00000000ffa80000)
 ParOldGen       total 458752K, used 56481K [0x00000000a0000000, 0x00000000bc000000, 0x00000000e0000000)
  object space 458752K, 12% used [0x00000000a0000000,0x00000000a3728750,0x00000000bc000000)
 Metaspace       used 137526K, capacity 143560K, committed 158080K, reserved 1187840K
  class space    used 17571K, capacity 18671K, committed 20608K, reserved 1048576K
Event: 9878.706 GC heap after
Heap after GC invocations=57 (full 8):
 PSYoungGen      total 438784K, used 0K [0x00000000e0000000, 0x00000000ffa80000, 0x0000000100000000)
  eden space 364032K, 0% used [0x00000000e0000000,0x00000000e0000000,0x00000000f6380000)
  from space 74752K, 0% used [0x00000000f6380000,0x00000000f6380000,0x00000000fac80000)
  to   space 77312K, 0% used [0x00000000faf00000,0x00000000faf00000,0x00000000ffa80000)
 ParOldGen       total 458752K, used 56448K [0x00000000a0000000, 0x00000000bc000000, 0x00000000e0000000)
  object space 458752K, 12% used [0x00000000a0000000,0x00000000a37200b0,0x00000000bc000000)
 Metaspace       used 137511K, capacity 143536K, committed 158080K, reserved 1187840K
  class space    used 17568K, capacity 18667K, committed 20608K, reserved 1048576K
}
Event: 11522.337 GC heap before
{Heap before GC invocations=58 (full 8):
 PSYoungGen      total 438784K, used 364032K [0x00000000e0000000, 0x00000000ffa80000, 0x0000000100000000)
  eden space 364032K, 100% used [0x00000000e0000000,0x00000000f6380000,0x00000000f6380000)
  from space 74752K, 0% used [0x00000000f6380000,0x00000000f6380000,0x00000000fac80000)
  to   space 77312K, 0% used [0x00000000faf00000,0x00000000faf00000,0x00000000ffa80000)
 ParOldGen       total 458752K, used 56448K [0x00000000a0000000, 0x00000000bc000000, 0x00000000e0000000)
  object space 458752K, 12% used [0x00000000a0000000,0x00000000a37200b0,0x00000000bc000000)
 Metaspace       used 146910K, capacity 154626K, committed 158976K, reserved 1187840K
  class space    used 18758K, capacity 20183K, committed 20736K, reserved 1048576K
Event: 11522.357 GC heap after
Heap after GC invocations=58 (full 8):
 PSYoungGen      total 444928K, used 27265K [0x00000000e0000000, 0x00000000ffb80000, 0x0000000100000000)
  eden space 367616K, 0% used [0x00000000e0000000,0x00000000e0000000,0x00000000f6700000)
  from space 77312K, 35% used [0x00000000faf00000,0x00000000fc9a0420,0x00000000ffa80000)
  to   space 73728K, 0% used [0x00000000f6700000,0x00000000f6700000,0x00000000faf00000)
 ParOldGen       total 458752K, used 56456K [0x00000000a0000000, 0x00000000bc000000, 0x00000000e0000000)
  object space 458752K, 12% used [0x00000000a0000000,0x00000000a37220b0,0x00000000bc000000)
 Metaspace       used 146910K, capacity 154626K, committed 158976K, reserved 1187840K
  class space    used 18758K, capacity 20183K, committed 20736K, reserved 1048576K
}

